{"level":"info","message":"Server is running on http://localhost:8000","service":"user-service"}
{"level":"info","message":"Generated request ID: 74e989ec4cb59bbb","service":"user-service"}
{"level":"info","message":"Processing request with ID: 74e989ec4cb59bbb","service":"user-service"}
{"level":"info","message":"Generated request ID: ff269007b13aff2b","service":"user-service"}
{"level":"info","message":"Processing request with ID: ff269007b13aff2b","service":"user-service"}
{"level":"info","message":"Generated request ID: edd5b1499110beff","service":"user-service"}
{"level":"info","message":"Processing request with ID: edd5b1499110beff","service":"user-service"}
{"level":"info","message":"Generated request ID: 49c9040e1b9c8e0a","service":"user-service"}
{"level":"info","message":"Processing request with ID: 49c9040e1b9c8e0a","service":"user-service"}
{"level":"info","message":"Generated request ID: c47a73f5dc2e8e9a","service":"user-service"}
{"level":"info","message":"Processing request with ID: c47a73f5dc2e8e9a","service":"user-service"}
{"level":"info","message":"Generated request ID: a91b85f3c12b50e7","service":"user-service"}
{"Header":"Log Entry","id":"07w3h81oxgb","timestamp":"2024-12-13T05:17:41.216Z","level":"info","message":"This is an info message","metadata":{"key":"value"},"meta":{},"method":"GET","statusCode":200}
{"Header":"Log Entry","id":"8hi5yd8aier","timestamp":"2024-12-13T05:17:41.223Z","level":"error","message":"This is an error message","metadata":{"error":"Something went wrong"},"meta":{},"method":"POST","statusCode":500}
{"Header":"Log Entry","id":"k9ojqdifdg","timestamp":"2024-12-13T05:17:41.229Z","level":"info","message":"Server is running on http://localhost:8000","metadata":{},"meta":{},"method":"N/A","statusCode":"N/A"}
{"Header":"Log Entry","id":"ff1c9jmfudv","timestamp":"2024-12-13T05:20:32.883Z","level":"info","message":"Generated request ID: ebe0ec62a37abb7e","metadata":{},"meta":{},"method":"N/A","statusCode":"N/A"}
{"Header":"Log Entry","id":"lt7pg71p67f","timestamp":"2024-12-13T05:20:32.885Z","level":"info","message":"Processing request with ID: ebe0ec62a37abb7e","metadata":{},"meta":{},"method":"N/A","statusCode":"N/A"}
{"Header":"Log Entry","id":"i0lt6f1yn69","timestamp":"2024-12-13T05:20:37.235Z","level":"info","message":"Generated request ID: 578cf38ea395b19c","metadata":{},"meta":{},"method":"N/A","statusCode":"N/A"}
{"Header":"Log Entry","id":"oszatubonv","timestamp":"2024-12-13T05:20:37.235Z","level":"info","message":"Processing request with ID: 578cf38ea395b19c","metadata":{},"meta":{},"method":"N/A","statusCode":"N/A"}
{"Header":"Log Entry","id":"bqw4sib3rs","timestamp":"2024-12-16T04:57:26.256Z","level":"info","message":"This is an info message","metadata":{"key":"value"},"meta":{},"method":"GET","statusCode":200}
{"Header":"Log Entry","id":"82z9lodp6o5","timestamp":"2024-12-16T04:57:26.267Z","level":"error","message":"This is an error message","metadata":{"error":"Something went wrong"},"meta":{},"method":"POST","statusCode":500}
{"Header":"Log Entry","id":"1f9qy1byhwp","timestamp":"2024-12-16T04:57:26.284Z","level":"info","message":"Server is running on http://localhost:8000","metadata":{},"meta":{},"method":"N/A","statusCode":"N/A"}
{"Header":"Log Entry","id":"4w3a0eafyg","timestamp":"2024-12-16T04:57:26.763Z","level":"info","message":"Connected to MongoDB successfully","metadata":{},"meta":{},"method":"N/A","statusCode":"N/A"}
{"Header":"Log Entry","id":"6lo7kfy0srm","timestamp":"2024-12-16T04:58:16.818Z","level":"info","message":"This is an info message","metadata":{"key":"value"},"meta":{},"method":"GET","statusCode":200}
{"Header":"Log Entry","id":"ito9lrmfg7","timestamp":"2024-12-16T04:58:16.824Z","level":"error","message":"This is an error message","metadata":{"error":"Something went wrong"},"meta":{},"method":"POST","statusCode":500}
{"Header":"Log Entry","id":"hsbs9yry80a","timestamp":"2024-12-16T04:58:16.836Z","level":"info","message":"Server is running on 8000","metadata":{},"meta":{},"method":"N/A","statusCode":"N/A"}
{"Header":"Log Entry","id":"rmth057ulla","timestamp":"2024-12-16T04:58:17.280Z","level":"info","message":"Connected to MongoDB successfully","metadata":{},"meta":{},"method":"N/A","statusCode":"N/A"}
{"Header":"Log Entry","id":"tbqxj6l718q","timestamp":"2024-12-16T05:01:21.015Z","level":"info","message":"This is an info message","metadata":{"key":"value"},"meta":{},"method":"GET","statusCode":200}
{"Header":"Log Entry","id":"mk6efv2abyc","timestamp":"2024-12-16T05:01:21.023Z","level":"error","message":"This is an error message","metadata":{"error":"Something went wrong"},"meta":{},"method":"POST","statusCode":500}
{"Header":"Log Entry","id":"0mi30k342mb","timestamp":"2024-12-16T05:01:21.038Z","level":"info","message":"Server is running on http://localhost:8000","metadata":{},"meta":{},"method":"N/A","statusCode":"N/A"}
{"Header":"Log Entry","id":"w1rhqu0ejrd","timestamp":"2024-12-16T05:01:22.237Z","level":"info","message":"Connected to MongoDB successfully","metadata":{},"meta":{},"method":"N/A","statusCode":"N/A"}
{"Header":"Log Entry","id":"azv6ufqukl","timestamp":"2024-12-16T05:02:32.519Z","level":"info","message":"Generated and stored request ID: 81c0c7fff72a35e5","metadata":{},"meta":{},"method":"N/A","statusCode":"N/A"}
{"Header":"Log Entry","id":"s0yyl7pdltc","timestamp":"2024-12-16T05:02:32.538Z","level":"info","message":"Processing POST request with ID: 81c0c7fff72a35e5","metadata":{},"meta":{},"method":"N/A","statusCode":"N/A"}
{"Header":"Log Entry","id":"n5h7sawpk0f","timestamp":"2024-12-16T05:02:32.541Z","level":"error","message":"Error creating data: Example validation failed: name: Path `name` is required.","metadata":{},"meta":{},"method":"N/A","statusCode":"N/A"}
{"Header":"Log Entry","id":"rkg3yuiz0r","timestamp":"2024-12-16T06:46:45.312Z","level":"info","message":"Generated and stored request ID: f7086946745d2ebb","metadata":{},"meta":{},"method":"N/A","statusCode":"N/A"}
{"Header":"Log Entry","id":"6n2wb6l9siv","timestamp":"2024-12-16T06:46:45.319Z","level":"info","message":"Processing GET request with ID: f7086946745d2ebb","metadata":{},"meta":{},"method":"N/A","statusCode":"N/A"}
{"Header":"Log Entry","id":"odky3cy8qte","timestamp":"2024-12-16T09:13:18.950Z","level":"info","message":"This is an info message","metadata":{"key":"value"},"meta":{},"method":"GET","statusCode":200}
{"Header":"Log Entry","id":"prohb0go7ol","timestamp":"2024-12-16T09:13:18.959Z","level":"error","message":"This is an error message","metadata":{"error":"Something went wrong"},"meta":{},"method":"POST","statusCode":500}
{"Header":"Log Entry","id":"79d3fdv012v","timestamp":"2024-12-16T09:13:18.975Z","level":"info","message":"Server is running on http://localhost:8000","metadata":{},"meta":{},"method":"N/A","statusCode":"N/A"}
{"Header":"Log Entry","id":"rf9wl0xdmt","timestamp":"2024-12-16T09:13:19.469Z","level":"info","message":"Connected to MongoDB successfully","metadata":{},"meta":{},"method":"N/A","statusCode":"N/A"}
{"Header":"Log Entry","id":"zsd1k0h6sfn","timestamp":"2024-12-16T09:14:57.061Z","level":"info","message":"This is an info message","metadata":{"key":"value"},"meta":{},"method":"GET","statusCode":200}
{"Header":"Log Entry","id":"9i6brjka4i","timestamp":"2024-12-16T09:14:57.067Z","level":"error","message":"This is an error message","metadata":{"error":"Something went wrong"},"meta":{},"method":"POST","statusCode":500}
{"Header":"Log Entry","id":"s99yc94j0i","timestamp":"2024-12-16T09:14:57.078Z","level":"info","message":"Server is running on http://localhost:8000","metadata":{},"meta":{},"method":"N/A","statusCode":"N/A"}
{"Header":"Log Entry","id":"9kf9m70gwlc","timestamp":"2024-12-16T09:14:57.553Z","level":"info","message":"Connected to MongoDB successfully","metadata":{},"meta":{},"method":"N/A","statusCode":"N/A"}
{"Header":"Log Entry","id":"z0ezfq4lvkk","timestamp":"2024-12-18T05:01:10.241Z","level":"info","message":"This is an info message","metadata":{"key":"value"},"meta":{},"method":"GET","statusCode":200}
{"Header":"Log Entry","id":"9wia5zk0s4","timestamp":"2024-12-18T05:01:10.251Z","level":"error","message":"This is an error message","metadata":{"error":"Something went wrong"},"meta":{},"method":"POST","statusCode":500}
{"Header":"Log Entry","id":"8gw4grc091b","timestamp":"2024-12-18T05:01:10.265Z","level":"info","message":"Server is running on http://localhost:8000","metadata":{},"meta":{},"method":"N/A","statusCode":"N/A"}
{"Header":"Log Entry","id":"witwcx6qt1","timestamp":"2024-12-18T05:01:10.707Z","level":"info","message":"Connected to MongoDB successfully","metadata":{},"meta":{},"method":"N/A","statusCode":"N/A"}
{"Header":"Log Entry","id":"as307fjnkvi","timestamp":"2024-12-18T05:05:44.252Z","level":"info","message":"This is an info message","metadata":{"key":"value"},"meta":{},"method":"GET","statusCode":200}
{"Header":"Log Entry","id":"6xwy2d0csth","timestamp":"2024-12-18T05:05:44.257Z","level":"error","message":"This is an error message","metadata":{"error":"Something went wrong"},"meta":{},"method":"POST","statusCode":500}
{"Header":"Log Entry","id":"h59yosah834","timestamp":"2024-12-18T05:05:44.271Z","level":"info","message":"Server is running on http://localhost:8000","metadata":{},"meta":{},"method":"N/A","statusCode":"N/A"}
{"Header":"Log Entry","id":"zf5qod9ldte","timestamp":"2024-12-18T05:05:44.731Z","level":"info","message":"Connected to MongoDB successfully","metadata":{},"meta":{},"method":"N/A","statusCode":"N/A"}
{"Header":"Log Entry","id":"kew04eoxa5","timestamp":"2024-12-18T05:09:26.176Z","level":"info","message":"This is an info message","metadata":{"key":"value"},"meta":{},"method":"GET","statusCode":200,"header":{},"body":{}}
{"Header":"Log Entry","id":"tuju7phsuun","timestamp":"2024-12-18T05:09:26.190Z","level":"error","message":"This is an error message","metadata":{"error":"Something went wrong"},"meta":{},"method":"POST","statusCode":500,"header":{},"body":{}}
{"Header":"Log Entry","id":"gatkgis0aii","timestamp":"2024-12-18T05:09:26.203Z","level":"info","message":"Server is running on http://localhost:8000","metadata":{},"meta":{},"method":"N/A","statusCode":"N/A","header":{},"body":{}}
{"Header":"Log Entry","id":"q3t5rqimhwg","timestamp":"2024-12-18T05:09:26.678Z","level":"info","message":"Connected to MongoDB successfully","metadata":{},"meta":{},"method":"N/A","statusCode":"N/A","header":{},"body":{}}
{"Header":"Log Entry","id":"etu7g1zmxk4","timestamp":"2024-12-18T05:11:32.294Z","level":"info","message":"This is an info message","metadata":{"key":"value"},"meta":{},"method":"GET","statusCode":200,"header":{},"body":{},"extraData":{"service":"user-service"}}
{"Header":"Log Entry","id":"fhvjgxe9l3j","timestamp":"2024-12-18T05:11:32.302Z","level":"error","message":"This is an error message","metadata":{"error":"Something went wrong"},"meta":{},"method":"POST","statusCode":500,"header":{},"body":{},"extraData":{"service":"user-service"}}
{"Header":"Log Entry","id":"7nae2d5v6i","timestamp":"2024-12-18T05:11:32.315Z","level":"info","message":"Server is running on http://localhost:8000","metadata":{},"meta":{},"method":"N/A","statusCode":"N/A","header":{},"body":{},"extraData":{"service":"user-service"}}
{"Header":"Log Entry","id":"2a09bu49gvj","timestamp":"2024-12-18T05:11:32.784Z","level":"info","message":"Connected to MongoDB successfully","metadata":{},"meta":{},"method":"N/A","statusCode":"N/A","header":{},"body":{},"extraData":{"service":"user-service"}}
{"Header":"Log Entry","id":"eq0bxwjttpb","timestamp":"2024-12-18T05:13:49.147Z","level":"info","message":"This is an info message","metadata":{"key":"value"},"meta":{},"method":"GET","statusCode":200,"header":{},"body":{},"extraData":{"service":"user-service"}}
{"Header":"Log Entry","id":"5dy74fxaw3m","timestamp":"2024-12-18T05:13:49.155Z","level":"error","message":"This is an error message","metadata":{"error":"Something went wrong"},"meta":{},"method":"POST","statusCode":500,"header":{},"body":{},"extraData":{"service":"user-service"}}
{"Header":"Log Entry","id":"vy9ioqm42cr","timestamp":"2024-12-18T05:13:49.170Z","level":"info","message":"Server is running on http://localhost:8000","metadata":{},"meta":{},"method":"N/A","statusCode":"N/A","header":{},"body":{},"extraData":{"service":"user-service"}}
{"Header":"Log Entry","id":"2qdrrxgfx95","timestamp":"2024-12-18T05:13:49.637Z","level":"info","message":"Connected to MongoDB successfully","metadata":{},"meta":{},"method":"N/A","statusCode":"N/A","header":{},"body":{},"extraData":{"service":"user-service"}}
{"Header":"Log Entry","id":"276aqknnf2k","timestamp":"2024-12-18T05:21:08.481Z","level":"info","message":"This is an info message","metadata":{"key":"value"},"meta":{},"method":"GET","statusCode":200,"header":{},"body":{},"extraData":{"service":"user-service"}}
{"Header":"Log Entry","id":"gy1yd6fnh96","timestamp":"2024-12-18T05:21:08.489Z","level":"error","message":"This is an error message","metadata":{"error":"Something went wrong"},"meta":{},"method":"POST","statusCode":500,"header":{},"body":{},"extraData":{"service":"user-service"}}
{"Header":"Log Entry","id":"ntrbx8jrbzp","timestamp":"2024-12-18T05:21:08.502Z","level":"info","message":"Server is running on http://localhost:8000","metadata":{},"meta":{},"method":"N/A","statusCode":"N/A","header":{},"body":{},"extraData":{"service":"user-service"}}
{"Header":"Log Entry","id":"2e85e1rm0x6","timestamp":"2024-12-18T05:21:08.971Z","level":"info","message":"Connected to MongoDB successfully","metadata":{},"meta":{},"method":"N/A","statusCode":"N/A","header":{},"body":{},"extraData":{"service":"user-service"}}
{"Header":"Log Entry","id":"yrgihuonedd","timestamp":"2024-12-18T05:24:09.190Z","level":"info","message":"This is an info message","metadata":{"key":"value"},"meta":{},"method":"GET","statusCode":200,"header":{},"body":{},"extraData":{"service":"user-service"}}
{"Header":"Log Entry","id":"7324fokger","timestamp":"2024-12-18T05:24:09.200Z","level":"error","message":"This is an error message","metadata":{"error":"Something went wrong"},"meta":{},"method":"POST","statusCode":500,"header":{},"body":{},"extraData":{"service":"user-service"}}
{"Header":"Log Entry","id":"syn3wc3lbqp","timestamp":"2024-12-18T05:24:09.214Z","level":"info","message":"Server is running on http://localhost:8000","metadata":{},"meta":{},"method":"N/A","statusCode":"N/A","header":{},"body":{},"extraData":{"service":"user-service"}}
{"Header":"Log Entry","id":"njc51o449wm","timestamp":"2024-12-18T05:24:09.911Z","level":"info","message":"Connected to MongoDB successfully","metadata":{},"meta":{},"method":"N/A","statusCode":"N/A","header":{},"body":{},"extraData":{"service":"user-service"}}
{"Header":"Log Entry","id":"e15nb3jvews","timestamp":"2024-12-18T05:28:26.359Z","level":"info","message":"This is an info message","metadata":{"key":"value"},"meta":{},"method":"GET","statusCode":200,"header":{},"body":{},"extraData":{"service":"user-service"}}
{"Header":"Log Entry","id":"lqqw40j8pxr","timestamp":"2024-12-18T05:28:26.369Z","level":"error","message":"This is an error message","metadata":{"error":"Something went wrong"},"meta":{},"method":"POST","statusCode":500,"header":{},"body":{},"extraData":{"service":"user-service"}}
{"Header":"Log Entry","id":"bcd7tzdt9gu","timestamp":"2024-12-18T05:28:26.382Z","level":"info","message":"Server is running on http://localhost:8000","metadata":{},"meta":{},"method":"N/A","statusCode":"N/A","header":{},"body":{},"extraData":{"service":"user-service"}}
{"Header":"Log Entry","id":"afdoej13voi","timestamp":"2024-12-18T05:28:26.964Z","level":"info","message":"Connected to MongoDB successfully","metadata":{},"meta":{},"method":"N/A","statusCode":"N/A","header":{},"body":{},"extraData":{"service":"user-service"}}
{"Header":"Log Entry","id":"4ojp2s9t7u6","timestamp":"2024-12-18T05:40:53.745Z","level":"info","message":"This is an info message","metadata":{"key":"value"},"meta":{},"method":"GET","statusCode":200}
{"Header":"Log Entry","id":"x8uf6hovcta","timestamp":"2024-12-18T05:40:53.755Z","level":"error","message":"This is an error message","metadata":{"error":"Something went wrong"},"meta":{},"method":"POST","statusCode":500}
{"Header":"Log Entry","id":"gxscwmoccp","timestamp":"2024-12-18T05:40:53.767Z","level":"info","message":"Server is running on http://localhost:8000","metadata":{},"meta":{},"method":"N/A","statusCode":"N/A"}
{"Header":"Log Entry","id":"1bnxzvet0hj","timestamp":"2024-12-18T05:40:54.225Z","level":"info","message":"Connected to MongoDB successfully","metadata":{},"meta":{},"method":"N/A","statusCode":"N/A"}
{"Header":{"key":"value"},"id":"52m33qro6","timestamp":"2024-12-18T05:45:48.448Z","level":"info","message":"This is an info message","metadata":{"header":{"key":"value"},"body":{"detail":"Some details"}},"method":"GET","statusCode":200}
{"Header":{"error":"Something went wrong"},"id":"ywrh73y0sw","timestamp":"2024-12-18T05:45:48.458Z","level":"error","message":"This is an error message","metadata":{"header":{"error":"Something went wrong"},"body":{"errorDetails":"Detailed error message"}},"method":"POST","statusCode":500}
{"Header":"Log Entry","id":"ai9auj8d25w","timestamp":"2024-12-18T05:45:48.472Z","level":"info","message":"Server is running on http://localhost:8000","metadata":{"header":{},"body":{}},"method":"N/A","statusCode":"N/A"}
{"Header":"Log Entry","id":"urr7ipfyde","timestamp":"2024-12-18T05:45:49.051Z","level":"info","message":"Connected to MongoDB successfully","metadata":{"header":{},"body":{}},"method":"N/A","statusCode":"N/A"}
